Arguments: 
  /usr/bin/node /home/dev-user/.npm-global/bin/yarn --help

PATH: 
  /home/dev-user/.cargo/bin:/home/dev-user/.cargo/bin:/home/dev-user/.npm-global/bin:/usr/local/sbin:/usr/local/bin:/usr/sbin:/usr/bin:/sbin:/bin

Yarn version: 
  1.22.10

Node version: 
  12.16.3

Platform: 
  linux x64

Trace: 
  SyntaxError: /home/dev-user/development/projects/brain-academy/microservices/user-service/user-spi/user-discord-client/package.json: Unexpected end of JSON input
      at JSON.parse (<anonymous>)
      at /home/dev-user/.npm-global/lib/node_modules/yarn/lib/cli.js:1625:59
      at Generator.next (<anonymous>)
      at step (/home/dev-user/.npm-global/lib/node_modules/yarn/lib/cli.js:310:30)
      at /home/dev-user/.npm-global/lib/node_modules/yarn/lib/cli.js:321:13

npm manifest: 
  

yarn manifest: 
  No manifest

Lockfile: 
  No lockfile
